<?xml version="1.0" encoding="UTF-8"?>
<!-- Generated by org.testng.reporters.JUnitReportReporter -->
<testsuite hostname="Trayambkay" failures="0" tests="1" name="practise.LearnSeriallisation" time="0.227" errors="0" timestamp="2023-12-26T10:54:47 IST" skipped="0">
  <testcase classname="practise.LearnSeriallisation" name="practiseSerialisation" time="0.227"/>
</testsuite> <!-- practise.LearnSeriallisation -->
