<?xml version="1.0" encoding="UTF-8"?>
<!-- Generated by org.testng.reporters.JUnitReportReporter -->
<testsuite hostname="Trayambkay" failures="0" tests="1" name="practise.ReqRespBuilder" time="2.127" errors="0" timestamp="2023-12-22T12:34:40 IST" skipped="0">
  <testcase classname="practise.ReqRespBuilder" name="learnSpecBuilders" time="2.127"/>
</testsuite> <!-- practise.ReqRespBuilder -->
