<?xml version="1.0" encoding="UTF-8"?>
<!-- Generated by org.testng.reporters.JUnitReportReporter -->
<testsuite hostname="Trayambkay" failures="0" tests="1" name="practise.ResponseBodyValidation" time="2.696" errors="0" timestamp="2024-04-04T19:29:54 IST" skipped="0">
  <testcase classname="practise.ResponseBodyValidation" name="dynamiResponseBodyValidationReqres" time="2.696"/>
</testsuite> <!-- practise.ResponseBodyValidation -->
