<?xml version="1.0" encoding="UTF-8"?>
<!-- Generated by org.testng.reporters.JUnitReportReporter -->
<testsuite hostname="Trayambkay" failures="0" tests="1" name="practise.ShoppersStackRequestChaining" time="5.448" errors="0" timestamp="2023-12-23T12:47:15 IST" skipped="0">
  <testcase classname="practise.ShoppersStackRequestChaining" name="chaining" time="5.448"/>
</testsuite> <!-- practise.ShoppersStackRequestChaining -->
