<?xml version="1.0" encoding="UTF-8"?>
<!-- Generated by org.testng.reporters.JUnitReportReporter -->
<testsuite hostname="Trayambkay" failures="0" tests="3" name="practise.DDTusingDataProviderAndPojo" time="2.232" errors="0" timestamp="2023-12-21T17:21:53 IST" skipped="0">
  <testcase classname="practise.DDTusingDataProviderAndPojo" name="dataDrivenRMG" time="0.131"/>
  <testcase classname="practise.DDTusingDataProviderAndPojo" name="dataDrivenRMG" time="2.012"/>
  <testcase classname="practise.DDTusingDataProviderAndPojo" name="dataDrivenRMG" time="0.089"/>
</testsuite> <!-- practise.DDTusingDataProviderAndPojo -->
