<?xml version="1.0" encoding="UTF-8"?>
<!-- Generated by org.testng.reporters.JUnitReportReporter -->
<testsuite hostname="Trayambkay" failures="0" tests="1" name="crudWithBDD.CrudReqres" time="2.856" errors="0" timestamp="2023-12-20T16:06:46 IST" skipped="0">
  <testcase classname="crudWithBDD.CrudReqres" name="delete" time="2.856"/>
</testsuite> <!-- crudWithBDD.CrudReqres -->
