<?xml version="1.0" encoding="UTF-8"?>
<!-- Generated by org.testng.reporters.JUnitReportReporter -->
<testsuite hostname="Trayambkay" failures="0" tests="1" name="practise.I_LearnSeriallisationWithObjectArray" time="0.248" errors="0" timestamp="2024-04-04T14:51:17 IST" skipped="0">
  <testcase classname="practise.I_LearnSeriallisationWithObjectArray" name="practiseSerialisation" time="0.248"/>
</testsuite> <!-- practise.I_LearnSeriallisationWithObjectArray -->
