<?xml version="1.0" encoding="UTF-8"?>
<!-- Generated by org.testng.reporters.JUnitReportReporter -->
<testsuite hostname="Trayambkay" failures="0" tests="1" name="practise.Parameters_PathQueryForm" time="2.652" errors="0" timestamp="2023-12-21T14:58:52 IST" skipped="0">
  <testcase classname="practise.Parameters_PathQueryForm" name="queryParamReqres" time="2.652"/>
</testsuite> <!-- practise.Parameters_PathQueryForm -->
