<?xml version="1.0" encoding="UTF-8"?>
<!-- Generated by org.testng.reporters.JUnitReportReporter -->
<testsuite hostname="Trayambkay" failures="0" tests="1" name="differentWaysToPostRequest.IV_CreateProjectWithPOJO" time="2.150" errors="0" timestamp="2023-12-26T17:54:47 IST" skipped="0">
  <testcase classname="differentWaysToPostRequest.IV_CreateProjectWithPOJO" name="createProject" time="2.150"/>
</testsuite> <!-- differentWaysToPostRequest.IV_CreateProjectWithPOJO -->
