<?xml version="1.0" encoding="UTF-8"?>
<!-- Generated by org.testng.reporters.JUnitReportReporter -->
<testsuite hostname="Trayambkay" failures="0" tests="1" name="com.rmg.testscripts.CreateProject" time="2.118" errors="0" timestamp="2023-12-27T12:46:06 IST" skipped="0">
  <testcase classname="com.rmg.testscripts.CreateProject" name="createProject" time="2.118"/>
</testsuite> <!-- com.rmg.testscripts.CreateProject -->
