<?xml version="1.0" encoding="UTF-8"?>
<!-- Generated by org.testng.reporters.JUnitReportReporter -->
<testsuite hostname="Trayambkay" failures="0" tests="1" name="RestAssuredMock.ReqChainingReqres" time="3.451" errors="0" timestamp="2024-01-03T13:10:35 IST" skipped="0">
  <testcase classname="RestAssuredMock.ReqChainingReqres" name="requestChainReqres" time="3.451"/>
</testsuite> <!-- RestAssuredMock.ReqChainingReqres -->
