<?xml version="1.0" encoding="UTF-8"?>
<!-- Generated by org.testng.reporters.JUnitReportReporter -->
<testsuite hostname="Trayambkay" failures="0" tests="1" name="crudWithoutBDD.CreateProject" time="1.629" errors="0" timestamp="2023-12-20T12:47:05 IST" skipped="0">
  <testcase classname="crudWithoutBDD.CreateProject" name="deleteProject" time="1.629"/>
</testsuite> <!-- crudWithoutBDD.CreateProject -->
