<?xml version="1.0" encoding="UTF-8"?>
<!-- Generated by org.testng.reporters.JUnitReportReporter -->
<testsuite hostname="Trayambkay" failures="0" tests="1" name="differentWaysToPostRequest.II_UsingHashMap_RmgYantra" time="2.144" errors="0" timestamp="2023-12-21T10:53:20 IST" skipped="0">
  <testcase classname="differentWaysToPostRequest.II_UsingHashMap_RmgYantra" name="createProject" time="2.144"/>
</testsuite> <!-- differentWaysToPostRequest.II_UsingHashMap_RmgYantra -->
