<?xml version="1.0" encoding="UTF-8"?>
<!-- Generated by org.testng.reporters.JUnitReportReporter -->
<testsuite hostname="Trayambkay" failures="0" tests="2" name="crudWithoutBDD.CRUDReqRes" time="3.561" errors="0" timestamp="2024-04-04T15:39:53 IST" skipped="0">
  <testcase classname="crudWithoutBDD.CRUDReqRes" name="getUser" time="0.266"/>
  <testcase classname="crudWithoutBDD.CRUDReqRes" name="create" time="3.295"/>
</testsuite> <!-- crudWithoutBDD.CRUDReqRes -->
