<?xml version="1.0" encoding="UTF-8"?>
<!-- Generated by org.testng.reporters.JUnitReportReporter -->
<testsuite hostname="Trayambkay" failures="0" tests="1" name="practise.LearnSeriallisation" time="0.249" errors="0" timestamp="2024-04-04T14:27:35 IST" skipped="0">
  <testcase classname="practise.LearnSeriallisation" name="practiseDeSerialisation" time="0.249"/>
</testsuite> <!-- practise.LearnSeriallisation -->
