<?xml version="1.0" encoding="UTF-8"?>
<!-- Generated by org.testng.reporters.JUnitReportReporter -->
<testsuite hostname="Trayambkay" failures="0" tests="1" name="mock.PublicapisValidation" time="6.544" errors="0" timestamp="2024-04-04T17:56:28 IST" skipped="0">
  <testcase classname="mock.PublicapisValidation" name="fetchAPI" time="6.544"/>
</testsuite> <!-- mock.PublicapisValidation -->
