<?xml version="1.0" encoding="UTF-8"?>
<!-- Generated by org.testng.reporters.JUnitReportReporter -->
<testsuite hostname="Trayambkay" failures="0" tests="1" name="crudWithoutBDD.CRUDRmgYantra" time="1.962" errors="0" timestamp="2023-12-21T11:34:48 IST" skipped="0">
  <testcase classname="crudWithoutBDD.CRUDRmgYantra" name="getAllProject" time="1.962"/>
</testsuite> <!-- crudWithoutBDD.CRUDRmgYantra -->
