<?xml version="1.0" encoding="UTF-8"?>
<!-- Generated by org.testng.reporters.JUnitReportReporter -->
<testsuite hostname="Trayambkay" failures="0" tests="1" name="crudWithoutBDD.CRUDReqRes" time="3.081" errors="0" timestamp="2023-12-20T13:22:25 IST" skipped="0">
  <testcase classname="crudWithoutBDD.CRUDReqRes" name="getUser" time="3.081"/>
</testsuite> <!-- crudWithoutBDD.CRUDReqRes -->
