<?xml version="1.0" encoding="UTF-8"?>
<!-- Generated by org.testng.reporters.JUnitReportReporter -->
<testsuite hostname="Trayambkay" failures="0" tests="2" name="practise.II_LearnSeriallisationWithObjectWithinObject" time="0.260" errors="0" timestamp="2023-12-27T09:27:05 IST" skipped="0">
  <testcase classname="practise.II_LearnSeriallisationWithObjectWithinObject" name="deSerialise" time="0.039"/>
  <testcase classname="practise.II_LearnSeriallisationWithObjectWithinObject" name="serialise" time="0.221"/>
</testsuite> <!-- practise.II_LearnSeriallisationWithObjectWithinObject -->
