<?xml version="1.0" encoding="UTF-8"?>
<!-- Generated by org.testng.reporters.JUnitReportReporter -->
<testsuite hostname="Trayambkay" failures="0" tests="1" name="practise.RequestChainingRmgYantra" time="2.897" errors="0" timestamp="2023-12-21T13:35:21 IST" skipped="0">
  <testcase classname="practise.RequestChainingRmgYantra" name="requestChainPostAndGetSingle" time="2.897"/>
</testsuite> <!-- practise.RequestChainingRmgYantra -->
