<?xml version="1.0" encoding="UTF-8"?>
<!-- Generated by org.testng.reporters.JUnitReportReporter -->
<testsuite hostname="Trayambkay" failures="0" tests="1" name="practise.Parameters_PathQueryForm" time="2.547" errors="0" timestamp="2024-04-05T16:32:40 IST" skipped="0">
  <testcase classname="practise.Parameters_PathQueryForm" name="queryParamReqres" time="2.547"/>
</testsuite> <!-- practise.Parameters_PathQueryForm -->
