<?xml version="1.0" encoding="UTF-8"?>
<!-- Generated by org.testng.reporters.JUnitReportReporter -->
<testsuite hostname="Trayambkay" failures="0" tests="2" name="crudWithBDD.CrudRmgYantra" time="2.034" errors="0" timestamp="2023-12-20T15:44:47 IST" skipped="0">
  <testcase classname="crudWithBDD.CrudRmgYantra" name="createProject" time="1.996"/>
  <testcase classname="crudWithBDD.CrudRmgYantra" name="getSingleProject" time="0.038"/>
</testsuite> <!-- crudWithBDD.CrudRmgYantra -->
