<?xml version="1.0" encoding="UTF-8"?>
<!-- Generated by org.testng.reporters.JUnitReportReporter -->
<testsuite hostname="Trayambkay" failures="0" tests="1" name="practise.I_LearnSeriallisationWithObjectArray" time="0.240" errors="0" timestamp="2023-12-26T11:33:08 IST" skipped="0">
  <testcase classname="practise.I_LearnSeriallisationWithObjectArray" name="practiseDeSerialisation" time="0.240"/>
</testsuite> <!-- practise.I_LearnSeriallisationWithObjectArray -->
