<?xml version="1.0" encoding="UTF-8"?>
<!-- Generated by org.testng.reporters.JUnitReportReporter -->
<testsuite hostname="Trayambkay" failures="0" tests="1" name="practise.SchemaValidator" time="2.389" errors="0" timestamp="2023-12-22T13:26:53 IST" skipped="0">
  <testcase classname="practise.SchemaValidator" name="schemaCheckRmg" time="2.389"/>
</testsuite> <!-- practise.SchemaValidator -->
