<?xml version="1.0" encoding="UTF-8"?>
<!-- Generated by org.testng.reporters.JUnitReportReporter -->
<testsuite hostname="Trayambkay" failures="0" tests="1" name="mock.PublicapisValidation" time="5.107" errors="0" timestamp="2024-01-22T17:13:37 IST" skipped="0">
  <testcase classname="mock.PublicapisValidation" name="fetchAPI" time="5.107"/>
</testsuite> <!-- mock.PublicapisValidation -->
