<?xml version="1.0" encoding="UTF-8"?>
<!-- Generated by org.testng.reporters.JUnitReportReporter -->
<testsuite hostname="Trayambkay" failures="0" tests="2" name="practise.II_LearnSeriallisationWithObjectWithinObject" time="0.258" errors="0" timestamp="2024-04-04T15:10:09 IST" skipped="0">
  <testcase classname="practise.II_LearnSeriallisationWithObjectWithinObject" name="serialise" time="0.220"/>
  <testcase classname="practise.II_LearnSeriallisationWithObjectWithinObject" name="deSerialise" time="0.038"/>
</testsuite> <!-- practise.II_LearnSeriallisationWithObjectWithinObject -->
