<?xml version="1.0" encoding="UTF-8"?>
<!-- Generated by org.testng.reporters.JUnitReportReporter -->
<testsuite hostname="Trayambkay" failures="0" tests="1" name="practise.LearnCookies" time="2.794" errors="0" timestamp="2023-12-26T17:48:32 IST" skipped="0">
  <testcase classname="practise.LearnCookies" name="validateCookies" time="2.794"/>
</testsuite> <!-- practise.LearnCookies -->
