<?xml version="1.0" encoding="UTF-8"?>
<!-- Generated by org.testng.reporters.JUnitReportReporter -->
<testsuite hostname="Trayambkay" failures="0" tests="1" name="practise.LearnCookies" time="2.707" errors="0" timestamp="2024-04-05T17:09:59 IST" skipped="0">
  <testcase classname="practise.LearnCookies" name="getCookies" time="2.707"/>
</testsuite> <!-- practise.LearnCookies -->
