<?xml version="1.0" encoding="UTF-8"?>
<!-- Generated by org.testng.reporters.JUnitReportReporter -->
<testsuite hostname="Trayambkay" failures="0" tests="2" name="crudWithBDD.CrudRmgYantra" time="2.171" errors="0" timestamp="2023-12-22T13:18:12 IST" skipped="0">
  <testcase classname="crudWithBDD.CrudRmgYantra" name="createProject" time="2.124"/>
  <testcase classname="crudWithBDD.CrudRmgYantra" name="getSingleProject" time="0.047"/>
</testsuite> <!-- crudWithBDD.CrudRmgYantra -->
