<?xml version="1.0" encoding="UTF-8"?>
<!-- Generated by org.testng.reporters.JUnitReportReporter -->
<testsuite hostname="Trayambkay" failures="0" tests="1" name="crudWithoutBDD.CRUDReqRes" time="3.501" errors="0" timestamp="2024-01-18T16:18:18 IST" skipped="0">
  <testcase classname="crudWithoutBDD.CRUDReqRes" name="create" time="3.501"/>
</testsuite> <!-- crudWithoutBDD.CRUDReqRes -->
